list index out of range
"GET /main/ HTTP/1.1" 200 2668
list index out of range
"GET /main/favicon.ico HTTP/1.1" 200 2668
list index out of range
"GET /main/ HTTP/1.1" 200 12641
"GET /static/css/bootstrap.min.css HTTP/1.1" 304 0
"GET /static/debug_toolbar/css/toolbar.css HTTP/1.1" 200 20322
"GET /static/js/bootstrap.min.js HTTP/1.1" 304 0
"GET /static/debug_toolbar/js/jquery_pre.js HTTP/1.1" 200 136
"GET /static/debug_toolbar/js/jquery_post.js HTTP/1.1" 200 118
"GET /static/debug_toolbar/img/ajax-loader.gif HTTP/1.1" 200 404
"GET /static/debug_toolbar/js/toolbar.js HTTP/1.1" 200 12484
"GET /static/debug_toolbar/css/print.css HTTP/1.1" 200 29
list index out of range
"GET /main/favicon.ico HTTP/1.1" 200 12641
"GET /__debug__/render_panel/?store_id=cb449952acfa4291985b32648540b802&panel_id=SettingsPanel HTTP/1.1" 200 23553
"GET /__debug__/render_panel/?store_id=cb449952acfa4291985b32648540b802&panel_id=HeadersPanel HTTP/1.1" 200 3204
"GET /__debug__/render_panel/?store_id=cb449952acfa4291985b32648540b802&panel_id=RequestPanel HTTP/1.1" 200 1864
"GET /__debug__/render_panel/?store_id=cb449952acfa4291985b32648540b802&panel_id=SQLPanel HTTP/1.1" 200 10519
"GET /static/debug_toolbar/js/toolbar.sql.js?_=1518109430485 HTTP/1.1" 200 353
"GET /__debug__/render_panel/?store_id=cb449952acfa4291985b32648540b802&panel_id=StaticFilesPanel HTTP/1.1" 200 20312
"GET /__debug__/render_panel/?store_id=cb449952acfa4291985b32648540b802&panel_id=TemplatesPanel HTTP/1.1" 200 5484
"GET /static/debug_toolbar/js/toolbar.template.js?_=1518109430486 HTTP/1.1" 200 362
"GET /__debug__/render_panel/?store_id=cb449952acfa4291985b32648540b802&panel_id=CachePanel HTTP/1.1" 200 881
"GET /__debug__/render_panel/?store_id=cb449952acfa4291985b32648540b802&panel_id=SignalsPanel HTTP/1.1" 200 1638
"GET /__debug__/render_panel/?store_id=cb449952acfa4291985b32648540b802&panel_id=LoggingPanel HTTP/1.1" 200 446
"GET /admin/main/question/1/ HTTP/1.1" 302 0
"GET /admin/main/question/1/change/ HTTP/1.1" 200 21418
"GET /static/admin/css/forms.css HTTP/1.1" 304 0
"GET /static/admin/js/core.js HTTP/1.1" 304 0
"GET /static/admin/js/vendor/jquery/jquery.js HTTP/1.1" 304 0
"GET /static/admin/js/admin/RelatedObjectLookups.js HTTP/1.1" 304 0
"GET /static/admin/js/jquery.init.js HTTP/1.1" 304 0
"GET /static/admin/js/actions.js HTTP/1.1" 304 0
"GET /static/debug_toolbar/css/toolbar.css HTTP/1.1" 304 0
"GET /static/admin/css/fonts.css HTTP/1.1" 304 0
"GET /admin/jsi18n/ HTTP/1.1" 200 14875
"GET /static/admin/css/widgets.css HTTP/1.1" 304 0
"GET /static/admin/js/urlify.js HTTP/1.1" 304 0
"GET /static/admin/js/prepopulate.js HTTP/1.1" 304 0
"GET /static/admin/js/vendor/xregexp/xregexp.js HTTP/1.1" 304 0
"GET /static/admin/js/calendar.js HTTP/1.1" 304 0
"GET /static/admin/js/admin/DateTimeShortcuts.js HTTP/1.1" 304 0
"GET /static/admin/js/inlines.js HTTP/1.1" 304 0
"GET /static/admin/js/prepopulate_init.js HTTP/1.1" 304 0
"GET /static/admin/js/change_form.js HTTP/1.1" 304 0
"GET /static/debug_toolbar/js/jquery_pre.js HTTP/1.1" 304 0
"GET /static/debug_toolbar/js/jquery_post.js HTTP/1.1" 304 0
"GET /static/debug_toolbar/js/toolbar.js HTTP/1.1" 304 0
"GET /static/debug_toolbar/img/ajax-loader.gif HTTP/1.1" 304 0
"GET /static/admin/fonts/Roboto-Light-webfont.woff HTTP/1.1" 304 0
"GET /static/admin/fonts/Roboto-Bold-webfont.woff HTTP/1.1" 304 0
"GET /static/admin/fonts/Roboto-Regular-webfont.woff HTTP/1.1" 304 0
"GET /static/admin/img/tooltag-arrowright.svg HTTP/1.1" 304 0
"GET /static/debug_toolbar/css/print.css HTTP/1.1" 304 0
"GET /static/admin/img/icon-addlink.svg HTTP/1.1" 304 0
"GET /static/admin/img/icon-clock.svg HTTP/1.1" 304 0
"GET /static/admin/img/icon-calendar.svg HTTP/1.1" 304 0
"GET /main/question/1/change/ HTTP/1.1" 200 13710
"GET /main/question/1/change/favicon.ico HTTP/1.1" 200 13711
"GET /main/question/1/ HTTP/1.1" 200 13710
"GET /main/question/1/favicon.ico HTTP/1.1" 200 13710
"GET /__debug__/render_panel/?store_id=6e631d45fd9c4a7599e6d3c5e14ad3ed&panel_id=TemplatesPanel HTTP/1.1" 200 5828
"GET /static/debug_toolbar/js/toolbar.template.js?_=1518112666090 HTTP/1.1" 200 362
"GET /__debug__/render_panel/?store_id=6e631d45fd9c4a7599e6d3c5e14ad3ed&panel_id=RequestPanel HTTP/1.1" 200 1990
"GET /__debug__/render_panel/?store_id=6e631d45fd9c4a7599e6d3c5e14ad3ed&panel_id=VersionsPanel HTTP/1.1" 200 853
Internal Server Error: /main/question/1/
Traceback (most recent call last):
  File "C:\Users\admin\p3\lib\site-packages\django\core\handlers\exception.py", line 41, in inner
    response = get_response(request)
  File "C:\Users\admin\p3\lib\site-packages\django\core\handlers\base.py", line 217, in _get_response
    response = self.process_exception_by_middleware(e, request)
  File "C:\Users\admin\p3\lib\site-packages\django\core\handlers\base.py", line 215, in _get_response
    response = response.render()
  File "C:\Users\admin\p3\lib\site-packages\django\template\response.py", line 107, in render
    self.content = self.rendered_content
  File "C:\Users\admin\p3\lib\site-packages\django\template\response.py", line 84, in rendered_content
    content = template.render(context, self._request)
  File "C:\Users\admin\p3\lib\site-packages\django\template\backends\django.py", line 66, in render
    return self.template.render(context)
  File "C:\Users\admin\p3\lib\site-packages\django\template\base.py", line 207, in render
    return self._render(context)
  File "C:\Users\admin\p3\lib\site-packages\django\test\utils.py", line 107, in instrumented_test_render
    return self.nodelist.render(context)
  File "C:\Users\admin\p3\lib\site-packages\django\template\base.py", line 990, in render
    bit = node.render_annotated(context)
  File "C:\Users\admin\p3\lib\site-packages\django\template\base.py", line 957, in render_annotated
    return self.render(context)
  File "C:\Users\admin\p3\lib\site-packages\django\template\defaulttags.py", line 458, in render
    url = reverse(view_name, args=args, kwargs=kwargs, current_app=current_app)
  File "C:\Users\admin\p3\lib\site-packages\django\urls\base.py", line 91, in reverse
    return force_text(iri_to_uri(resolver._reverse_with_prefix(view, prefix, *args, **kwargs)))
  File "C:\Users\admin\p3\lib\site-packages\django\urls\resolvers.py", line 497, in _reverse_with_prefix
    raise NoReverseMatch(msg)
django.urls.exceptions.NoReverseMatch: Reverse for 'add_choice' not found. 'add_choice' is not a valid view function or pattern name.
"GET /main/question/1/ HTTP/1.1" 500 123457
"GET /main/question/1/ HTTP/1.1" 200 10416
list index out of range
"GET /main/ HTTP/1.1" 200 12641
"GET /static/debug_toolbar/css/toolbar.css HTTP/1.1" 304 0
"GET /static/debug_toolbar/js/jquery_pre.js HTTP/1.1" 304 0
"GET /static/debug_toolbar/js/jquery_post.js HTTP/1.1" 304 0
"GET /static/debug_toolbar/js/toolbar.js HTTP/1.1" 304 0
"GET /static/debug_toolbar/img/ajax-loader.gif HTTP/1.1" 304 0
"GET /static/debug_toolbar/css/print.css HTTP/1.1" 304 0
list index out of range
"GET /main/favicon.ico HTTP/1.1" 200 12641
"GET /static/js/bootstrap.min.js.map HTTP/1.1" 200 161998
"GET /static/css/bootstrap.min.css.map HTTP/1.1" 200 551641
list index out of range
"GET /main/ HTTP/1.1" 200 12642
"GET /static/debug_toolbar/css/toolbar.css HTTP/1.1" 200 20322
"GET /static/css/bootstrap.min.css HTTP/1.1" 200 144877
"GET /static/js/bootstrap.min.js HTTP/1.1" 200 48944
"GET /static/debug_toolbar/js/jquery_pre.js HTTP/1.1" 200 136
"GET /static/debug_toolbar/js/jquery_post.js HTTP/1.1" 200 118
"GET /static/debug_toolbar/js/toolbar.js HTTP/1.1" 200 12484
"GET /static/debug_toolbar/img/ajax-loader.gif HTTP/1.1" 200 404
"GET /static/debug_toolbar/css/print.css HTTP/1.1" 200 29
"GET /static/css/bootstrap.min.css.map HTTP/1.1" 200 551641
"GET /static/js/bootstrap.min.js.map HTTP/1.1" 200 161998
list index out of range
"GET /main/favicon.ico HTTP/1.1" 200 12641
